#  step      rmse_val    rmse_trn    rmse_e_val  rmse_e_trn   rmse_fr_val rmse_fr_trn   rmse_fm_val rmse_fm_trn         lr
      0      3.80e+00    4.20e+00      3.21e-01    3.22e-01      1.11e-01    1.26e-01      1.42e-02    1.26e-02    1.0e-03
   5000      9.52e-01    7.51e-01      4.44e-02    4.43e-02      1.06e-02    1.10e-02      8.88e-03    6.64e-03    1.0e-03
  10000      7.74e-01    8.98e-01      5.91e-02    5.90e-02      9.25e-03    9.46e-03      7.27e-03    8.64e-03    9.5e-04
  15000      7.40e-01    6.25e-01      1.68e-02    1.67e-02      8.52e-03    9.08e-03      7.08e-03    5.73e-03    9.5e-04
  20000      7.24e-01    7.44e-01      1.75e-02    1.74e-02      8.69e-03    7.44e-03      7.08e-03    7.46e-03    9.0e-04
  25000      6.61e-01    7.59e-01      2.15e-03    2.10e-03      7.30e-03    6.61e-03      6.55e-03    7.72e-03    9.0e-04
  30000      5.87e-01    4.63e-01      1.55e-03    1.54e-03      6.70e-03    5.62e-03      5.96e-03    4.68e-03    8.6e-04
  35000      5.35e-01    4.83e-01      4.63e-03    4.70e-03      6.72e-03    6.80e-03      5.35e-03    4.76e-03    8.6e-04
  40000      4.70e-01    4.88e-01      5.04e-03    5.01e-03      6.62e-03    6.62e-03      4.74e-03    4.98e-03    8.1e-04
  45000      4.41e-01    3.84e-01      1.95e-03    1.96e-03      6.21e-03    4.98e-03      4.45e-03    3.95e-03    8.1e-04
  50000      4.01e-01    3.41e-01      2.49e-03    2.56e-03      5.96e-03    5.59e-03      4.13e-03    3.44e-03    7.7e-04
  55000      4.87e-01    4.32e-01      1.41e-02    1.43e-02      6.99e-03    5.74e-03      5.02e-03    4.53e-03    7.7e-04
  60000      3.44e-01    2.97e-01      4.67e-03    4.57e-03      5.08e-03    4.25e-03      3.66e-03    3.18e-03    7.4e-04
  65000      3.32e-01    1.88e-01      6.10e-05    4.47e-05      4.96e-03    4.50e-03      3.53e-03    1.66e-03    7.4e-04
  70000      3.35e-01    2.96e-01      4.80e-04    5.63e-04      5.51e-03    5.83e-03      3.60e-03    3.02e-03    7.0e-04
  75000      3.40e-01    2.15e-01      1.75e-03    1.66e-03      5.37e-03    4.94e-03      3.68e-03    2.04e-03    7.0e-04
  80000      3.21e-01    3.31e-01      5.26e-03    5.31e-03      5.55e-03    5.44e-03      3.50e-03    3.67e-03    6.6e-04
  85000      3.01e-01    1.99e-01      7.96e-03    8.06e-03      5.30e-03    4.76e-03      3.26e-03    1.88e-03    6.6e-04
  90000      2.82e-01    3.27e-01      7.08e-04    6.84e-04      5.09e-03    4.92e-03      3.16e-03    3.81e-03    6.3e-04
  95000      2.81e-01    3.03e-01      4.13e-03    4.10e-03      5.30e-03    4.77e-03      3.10e-03    3.50e-03    6.3e-04
 100000      2.83e-01    1.80e-01      3.45e-03    3.55e-03      5.55e-03    5.34e-03      3.19e-03    1.58e-03    6.0e-04
 105000      2.60e-01    1.82e-01      7.43e-04    7.42e-04      4.97e-03    3.94e-03      2.97e-03    1.99e-03    6.0e-04
 110000      2.59e-01    2.51e-01      1.38e-03    1.42e-03      5.16e-03    5.04e-03      3.02e-03    2.92e-03    5.7e-04
 115000      2.69e-01    2.21e-01      1.01e-03    1.01e-03      5.03e-03    3.91e-03      3.19e-03    2.65e-03    5.7e-04
 120000      2.45e-01    1.80e-01      9.80e-04    9.30e-04      5.54e-03    5.03e-03      2.83e-03    1.86e-03    5.4e-04
 125000      2.86e-01    1.94e-01      8.16e-04    7.30e-04      4.64e-03    3.98e-03      3.60e-03    2.31e-03    5.4e-04
 130000      2.21e-01    2.00e-01      1.32e-03    1.30e-03      4.45e-03    4.01e-03      2.73e-03    2.48e-03    5.1e-04
 135000      2.42e-01    2.36e-01      3.20e-03    3.15e-03      5.06e-03    4.48e-03      2.96e-03    2.96e-03    5.1e-04
 140000      1.66e-01    1.26e-01      4.33e-04    4.86e-04      4.04e-03    4.07e-03      2.00e-03    1.26e-03    4.9e-04
 145000      2.09e-01    1.58e-01      2.74e-05    6.95e-05      3.95e-03    3.99e-03      2.72e-03    1.88e-03    4.9e-04
 150000      1.72e-01    1.55e-01      4.10e-05    2.92e-05      3.52e-03    3.38e-03      2.26e-03    2.01e-03    4.6e-04
 155000      2.07e-01    1.88e-01      7.50e-05    8.50e-05      3.47e-03    3.23e-03      2.83e-03    2.56e-03    4.6e-04
 160000      1.50e-01    1.16e-01      1.88e-03    1.84e-03      3.48e-03    3.19e-03      1.95e-03    1.43e-03    4.4e-04
 165000      1.19e-01    1.44e-01      5.22e-04    5.59e-04      3.34e-03    3.74e-03      1.45e-03    1.81e-03    4.4e-04
 170000      1.16e-01    1.01e-01      1.56e-04    1.99e-04      3.33e-03    3.34e-03      1.44e-03    1.15e-03    4.2e-04
 175000      1.12e-01    1.01e-01      2.64e-04    3.00e-04      3.22e-03    2.59e-03      1.39e-03    1.33e-03    4.2e-04
 180000      1.06e-01    1.09e-01      2.51e-05    6.22e-05      3.14e-03    3.10e-03      1.35e-03    1.42e-03    4.0e-04
 185000      1.07e-01    9.79e-02      6.28e-04    6.30e-04      3.17e-03    2.92e-03      1.36e-03    1.25e-03    4.0e-04
 190000      1.07e-01    9.68e-02      1.35e-03    1.36e-03      3.07e-03    2.55e-03      1.43e-03    1.35e-03    3.8e-04
 195000      1.15e-01    1.11e-01      1.02e-04    1.45e-04      2.98e-03    2.54e-03      1.61e-03    1.62e-03    3.8e-04
 200000      1.02e-01    1.11e-01      4.83e-04    4.71e-04      3.03e-03    2.71e-03      1.39e-03    1.65e-03    3.6e-04
 205000      9.79e-02    8.41e-02      1.11e-04    1.10e-04      2.94e-03    2.75e-03      1.34e-03    1.10e-03    3.6e-04
 210000      9.60e-02    8.83e-02      3.83e-04    3.71e-04      2.94e-03    2.59e-03      1.35e-03    1.27e-03    3.4e-04
 215000      9.37e-02    9.96e-02      1.69e-03    1.67e-03      3.02e-03    3.38e-03      1.27e-03    1.32e-03    3.4e-04
 220000      1.16e-01    1.24e-01      5.14e-05    3.63e-05      2.95e-03    2.56e-03      1.80e-03    2.02e-03    3.2e-04
 225000      9.29e-02    6.73e-02      1.10e-03    1.15e-03      2.94e-03    2.27e-03      1.33e-03    9.33e-04    3.2e-04
 230000      1.26e-01    8.84e-02      9.09e-04    9.58e-04      2.95e-03    2.65e-03      2.06e-03    1.35e-03    3.1e-04
 235000      9.16e-02    8.29e-02      1.72e-03    1.71e-03      2.85e-03    2.40e-03      1.37e-03    1.27e-03    3.1e-04
 240000      1.30e-01    1.02e-01      2.01e-03    1.98e-03      2.89e-03    3.13e-03      2.20e-03    1.59e-03    2.9e-04
 245000      8.32e-02    7.26e-02      5.27e-04    5.38e-04      2.94e-03    2.74e-03      1.22e-03    1.02e-03    2.9e-04
 250000      1.20e-01    1.06e-01      2.85e-04    3.00e-04      2.88e-03    2.43e-03      2.09e-03    1.85e-03    2.8e-04
 255000      7.94e-02    6.54e-02      6.99e-04    6.83e-04      2.87e-03    2.39e-03      1.19e-03    9.79e-04    2.8e-04
 260000      8.68e-02    6.93e-02      6.54e-04    6.94e-04      2.81e-03    2.71e-03      1.43e-03    1.04e-03    2.6e-04
 265000      8.57e-02    6.84e-02      1.32e-03    1.37e-03      2.81e-03    1.93e-03      1.39e-03    1.17e-03    2.6e-04
 270000      1.02e-01    8.18e-02      9.62e-05    3.23e-05      2.74e-03    2.28e-03      1.84e-03    1.46e-03    2.5e-04
 275000      8.74e-02    7.56e-02      6.76e-04    7.01e-04      2.81e-03    2.85e-03      1.49e-03    1.21e-03    2.5e-04
 280000      7.46e-02    6.42e-02      8.26e-04    7.89e-04      2.85e-03    2.49e-03      1.22e-03    1.05e-03    2.4e-04
 285000      7.45e-02    6.07e-02      7.30e-04    7.45e-04      2.80e-03    2.64e-03      1.23e-03    9.18e-04    2.4e-04
 290000      7.07e-02    5.72e-02      7.33e-05    7.76e-05      2.85e-03    2.86e-03      1.17e-03    7.90e-04    2.3e-04
 295000      9.46e-02    8.87e-02      1.70e-04    2.40e-04      2.66e-03    2.20e-03      1.79e-03    1.73e-03    2.3e-04
 300000      8.71e-02    6.65e-02      4.83e-04    4.27e-04      2.75e-03    2.41e-03      1.65e-03    1.21e-03    2.1e-04
 305000      7.47e-02    6.16e-02      8.31e-04    8.13e-04      2.67e-03    2.26e-03      1.36e-03    1.11e-03    2.1e-04
 310000      9.57e-02    8.63e-02      2.43e-04    2.55e-04      3.03e-03    2.51e-03      1.88e-03    1.73e-03    2.0e-04
 315000      6.50e-02    5.27e-02      2.63e-04    2.49e-04      2.68e-03    2.23e-03      1.15e-03    9.27e-04    2.0e-04
 320000      6.59e-02    5.84e-02      7.73e-04    7.53e-04      2.80e-03    2.49e-03      1.19e-03    1.06e-03    1.9e-04
 325000      6.24e-02    6.83e-02      6.01e-04    6.25e-04      2.64e-03    2.69e-03      1.13e-03    1.29e-03    1.9e-04
 330000      7.27e-02    6.59e-02      3.44e-04    3.33e-04      2.80e-03    2.44e-03      1.43e-03    1.33e-03    1.8e-04
 335000      6.04e-02    4.41e-02      5.66e-04    6.30e-04      2.68e-03    2.28e-03      1.11e-03    7.23e-04    1.8e-04
 340000      6.02e-02    4.65e-02      9.40e-04    9.33e-04      2.60e-03    2.49e-03      1.16e-03    7.71e-04    1.7e-04
 345000      6.36e-02    5.50e-02      1.08e-04    7.05e-05      2.58e-03    2.61e-03      1.27e-03    1.02e-03    1.7e-04
 350000      6.04e-02    4.86e-02      7.50e-04    7.57e-04      2.64e-03    2.34e-03      1.21e-03    9.24e-04    1.7e-04
 355000      6.15e-02    5.44e-02      7.78e-05    9.44e-05      2.59e-03    2.42e-03      1.26e-03    1.09e-03    1.7e-04
 360000      5.70e-02    4.83e-02      8.79e-04    8.56e-04      2.60e-03    2.26e-03      1.16e-03    9.73e-04    1.6e-04
 365000      5.59e-02    4.62e-02      7.51e-04    7.57e-04      2.56e-03    2.34e-03      1.13e-03    8.85e-04    1.6e-04
 370000      5.45e-02    5.12e-02      2.30e-04    2.13e-04      2.58e-03    2.41e-03      1.14e-03    1.07e-03    1.5e-04
 375000      5.37e-02    4.70e-02      3.37e-04    3.30e-04      2.56e-03    2.46e-03      1.12e-03    9.27e-04    1.5e-04
 380000      5.70e-02    4.46e-02      1.51e-04    1.43e-04      2.56e-03    2.39e-03      1.26e-03    9.04e-04    1.4e-04
 385000      5.20e-02    4.21e-02      3.44e-04    3.04e-04      2.55e-03    1.76e-03      1.10e-03    9.63e-04    1.4e-04
 390000      5.67e-02    4.36e-02      2.56e-04    2.92e-04      2.67e-03    2.34e-03      1.27e-03    9.19e-04    1.4e-04
 395000      5.08e-02    5.35e-02      2.82e-04    2.43e-04      2.62e-03    2.36e-03      1.09e-03    1.24e-03    1.4e-04
 400000      4.92e-02    4.05e-02      1.26e-04    8.98e-05      2.56e-03    1.80e-03      1.10e-03    9.69e-04    1.3e-04
 405000      5.27e-02    4.61e-02      1.49e-04    1.20e-04      2.62e-03    2.13e-03      1.20e-03    1.09e-03    1.3e-04
 410000      4.85e-02    4.08e-02      8.86e-05    7.02e-05      2.58e-03    2.32e-03      1.11e-03    9.02e-04    1.2e-04
 415000      4.74e-02    4.09e-02      2.65e-04    2.34e-04      2.53e-03    2.27e-03      1.08e-03    9.19e-04    1.2e-04
 420000      4.78e-02    4.50e-02      3.31e-04    3.45e-04      2.60e-03    2.37e-03      1.13e-03    1.08e-03    1.2e-04
 425000      4.64e-02    3.72e-02      7.35e-05    3.38e-05      2.51e-03    1.76e-03      1.09e-03    9.36e-04    1.2e-04
 430000      5.05e-02    4.28e-02      2.60e-05    5.15e-05      2.63e-03    2.29e-03      1.26e-03    1.06e-03    1.1e-04
 435000      5.14e-02    3.73e-02      1.08e-04    1.16e-04      2.66e-03    2.37e-03      1.29e-03    8.31e-04    1.1e-04
 440000      4.46e-02    4.05e-02      1.66e-04    1.51e-04      2.53e-03    2.21e-03      1.11e-03    1.03e-03    1.0e-04
 445000      4.37e-02    3.67e-02      2.92e-04    2.83e-04      2.54e-03    2.36e-03      1.07e-03    8.47e-04    1.0e-04
 450000      4.92e-02    5.66e-02      2.09e-04    2.24e-04      2.57e-03    2.27e-03      1.32e-03    1.64e-03    9.9e-05
 455000      4.32e-02    3.74e-02      1.45e-04    1.27e-04      2.59e-03    2.43e-03      1.09e-03    8.96e-04    9.9e-05
 460000      4.33e-02    3.60e-02      4.00e-04    3.73e-04      2.49e-03    2.21e-03      1.15e-03    9.29e-04    9.4e-05
 465000      4.97e-02    4.66e-02      2.75e-04    2.92e-04      2.51e-03    2.11e-03      1.39e-03    1.35e-03    9.4e-05
 470000      4.57e-02    3.32e-02      2.06e-05    2.56e-05      2.49e-03    2.28e-03      1.29e-03    8.35e-04    9.0e-05
 475000      4.06e-02    3.46e-02      2.70e-04    2.40e-04      2.51e-03    2.17e-03      1.08e-03    9.19e-04    9.0e-05
 480000      3.94e-02    3.86e-02      2.81e-04    2.43e-04      2.54e-03    2.22e-03      1.07e-03    1.11e-03    8.5e-05
 485000      4.81e-02    4.09e-02      1.30e-04    9.98e-05      2.57e-03    2.25e-03      1.42e-03    1.20e-03    8.5e-05
 490000      3.80e-02    3.71e-02      5.63e-05    6.94e-05      2.52e-03    2.22e-03      1.05e-03    1.09e-03    8.1e-05
 495000      3.83e-02    3.67e-02      3.88e-04    3.50e-04      2.54e-03    2.26e-03      1.06e-03    1.06e-03    8.1e-05
 500000      3.83e-02    2.77e-02      1.67e-04    2.27e-04      2.52e-03    2.00e-03      1.11e-03    7.62e-04    7.7e-05
 505000      3.72e-02    2.91e-02      1.41e-04    1.12e-04      2.50e-03    2.01e-03      1.07e-03    8.29e-04    7.7e-05
 510000      3.64e-02    3.03e-02      1.11e-04    1.18e-04      2.58e-03    2.34e-03      1.05e-03    8.35e-04    7.3e-05
 515000      3.60e-02    3.41e-02      1.70e-05    1.40e-05      2.50e-03    2.17e-03      1.06e-03    1.05e-03    7.3e-05
 520000      4.24e-02    3.62e-02      1.17e-04    8.91e-05      2.48e-03    2.12e-03      1.39e-03    1.19e-03    6.9e-05
 525000      3.55e-02    2.69e-02      5.15e-05    5.77e-05      2.50e-03    2.14e-03      1.08e-03    7.56e-04    6.9e-05
 530000      3.50e-02    2.86e-02      1.62e-04    1.44e-04      2.50e-03    2.23e-03      1.09e-03    8.54e-04    6.6e-05
 535000      3.85e-02    2.79e-02      1.53e-04    9.36e-05      2.51e-03    2.08e-03      1.25e-03    8.51e-04    6.6e-05
 540000      3.40e-02    3.56e-02      1.33e-04    9.60e-05      2.56e-03    2.24e-03      1.07e-03    1.22e-03    6.3e-05
 545000      3.35e-02    2.69e-02      5.71e-05    6.32e-05      2.57e-03    2.28e-03      1.04e-03    7.84e-04    6.3e-05
 550000      3.23e-02    2.53e-02      1.34e-04    1.08e-04      2.47e-03    1.96e-03      1.05e-03    8.21e-04    6.0e-05
 555000      3.31e-02    2.86e-02      1.28e-04    1.22e-04      2.50e-03    2.18e-03      1.08e-03    9.36e-04    6.0e-05
 560000      3.21e-02    3.33e-02      2.79e-04    2.90e-04      2.48e-03    2.15e-03      1.07e-03    1.21e-03    5.7e-05
 565000      3.21e-02    2.85e-02      9.89e-05    1.27e-04      2.48e-03    2.15e-03      1.07e-03    9.72e-04    5.7e-05
 570000      3.08e-02    2.60e-02      4.68e-05    6.57e-05      2.49e-03    2.21e-03      1.05e-03    8.64e-04    5.4e-05
 575000      3.07e-02    2.49e-02      1.88e-05    2.86e-05      2.49e-03    1.80e-03      1.05e-03    8.99e-04    5.4e-05
 580000      3.00e-02    2.56e-02      8.91e-05    7.35e-05      2.52e-03    1.97e-03      1.04e-03    9.35e-04    5.1e-05
 585000      3.03e-02    2.28e-02      2.38e-05    1.22e-05      2.46e-03    1.91e-03      1.07e-03    7.96e-04    5.1e-05
 590000      3.02e-02    2.20e-02      1.60e-04    1.69e-04      2.46e-03    2.19e-03      1.10e-03    7.00e-04    4.8e-05
 595000      2.92e-02    2.52e-02      1.84e-05    2.49e-05      2.45e-03    2.01e-03      1.06e-03    9.38e-04    4.8e-05
 600000      2.82e-02    2.34e-02      6.00e-05    2.52e-05      2.47e-03    1.82e-03      1.03e-03    9.14e-04    4.6e-05
 605000      2.83e-02    2.15e-02      2.96e-05    1.73e-05      2.44e-03    2.17e-03      1.04e-03    7.17e-04    4.6e-05
 610000      2.78e-02    2.39e-02      8.30e-05    4.93e-05      2.45e-03    1.79e-03      1.06e-03    9.78e-04    4.4e-05
 615000      2.77e-02    2.39e-02      6.43e-05    5.64e-05      2.45e-03    2.23e-03      1.05e-03    8.81e-04    4.4e-05
 620000      2.67e-02    2.05e-02      7.46e-05    1.02e-04      2.44e-03    1.91e-03      1.03e-03    7.91e-04    4.2e-05
 625000      3.04e-02    2.71e-02      1.02e-04    7.51e-05      2.46e-03    1.98e-03      1.25e-03    1.15e-03    4.2e-05
 630000      2.68e-02    2.37e-02      1.37e-04    1.48e-04      2.44e-03    2.18e-03      1.08e-03    9.57e-04    3.9e-05
 635000      2.71e-02    2.24e-02      2.95e-05    5.53e-05      2.44e-03    2.09e-03      1.10e-03    8.95e-04    3.9e-05
 640000      2.58e-02    2.00e-02      2.49e-05    1.06e-05      2.46e-03    1.92e-03      1.05e-03    8.20e-04    3.8e-05
 645000      2.54e-02    1.99e-02      2.92e-05    1.65e-05      2.43e-03    2.17e-03      1.04e-03    7.43e-04    3.8e-05
 650000      2.57e-02    1.88e-02      7.81e-05    8.54e-05      2.44e-03    2.03e-03      1.10e-03    7.41e-04    3.6e-05
 655000      2.49e-02    2.08e-02      7.39e-05    5.65e-05      2.46e-03    2.12e-03      1.03e-03    8.57e-04    3.6e-05
 660000      2.46e-02    2.49e-02      1.02e-04    6.42e-05      2.47e-03    2.03e-03      1.05e-03    1.17e-03    3.4e-05
 665000      2.54e-02    1.81e-02      8.42e-05    7.78e-05      2.43e-03    1.99e-03      1.12e-03    7.40e-04    3.4e-05
 670000      2.35e-02    2.15e-02      6.14e-05    2.25e-05      2.45e-03    2.01e-03      1.03e-03    9.93e-04    3.2e-05
 675000      2.47e-02    1.97e-02      6.24e-05    7.97e-05      2.44e-03    2.11e-03      1.10e-03    8.49e-04    3.2e-05
 680000      2.28e-02    1.85e-02      5.72e-05    2.10e-05      2.44e-03    1.76e-03      1.02e-03    8.83e-04    3.1e-05
 685000      2.39e-02    2.04e-02      7.71e-05    9.27e-05      2.44e-03    1.94e-03      1.09e-03    9.69e-04    3.1e-05
 690000      2.23e-02    1.47e-02      1.72e-04    1.14e-04      2.44e-03    1.89e-03      1.02e-03    6.02e-04    2.9e-05
 695000      2.27e-02    1.95e-02      1.38e-04    1.22e-04      2.42e-03    2.07e-03      1.06e-03    9.17e-04    2.9e-05
 700000      2.19e-02    1.67e-02      3.11e-05    2.35e-05      2.44e-03    2.17e-03      1.03e-03    7.13e-04    2.8e-05
 705000      2.22e-02    1.79e-02      9.84e-05    7.18e-05      2.43e-03    1.90e-03      1.06e-03    8.71e-04    2.8e-05
 710000      2.13e-02    1.98e-02      2.64e-05    1.07e-05      2.42e-03    2.19e-03      1.04e-03    9.81e-04    2.6e-05
 715000      2.23e-02    1.77e-02      8.43e-05    4.66e-05      2.43e-03    1.96e-03      1.10e-03    8.81e-04    2.6e-05
 720000      2.09e-02    1.79e-02      1.86e-05    1.08e-06      2.43e-03    2.17e-03      1.04e-03    8.72e-04    2.5e-05
 725000      2.06e-02    1.91e-02      7.33e-05    3.67e-05      2.43e-03    1.95e-03      1.02e-03    1.02e-03    2.5e-05
 730000      2.05e-02    1.51e-02      1.83e-05    1.47e-06      2.43e-03    2.16e-03      1.05e-03    6.80e-04    2.4e-05
 735000      2.09e-02    1.51e-02      2.12e-04    1.51e-04      2.43e-03    1.86e-03      1.07e-03    7.58e-04    2.4e-05
 740000      2.00e-02    1.75e-02      2.11e-05    1.64e-05      2.43e-03    2.06e-03      1.05e-03    9.37e-04    2.2e-05
 745000      1.97e-02    1.50e-02      2.65e-05    4.66e-05      2.42e-03    1.88e-03      1.02e-03    7.78e-04    2.2e-05
 750000      1.94e-02    1.45e-02      2.47e-05    2.29e-05      2.42e-03    2.16e-03      1.04e-03    6.87e-04    2.1e-05
 755000      2.04e-02    1.83e-02      3.13e-05    5.67e-05      2.44e-03    2.11e-03      1.11e-03    1.03e-03    2.1e-05
 760000      1.88e-02    1.65e-02      1.01e-04    6.40e-05      2.43e-03    1.96e-03      1.03e-03    9.50e-04    2.0e-05
 765000      1.89e-02    1.41e-02      9.68e-05    1.22e-04      2.43e-03    1.86e-03      1.03e-03    7.68e-04    2.0e-05
 770000      1.83e-02    1.46e-02      1.15e-04    1.22e-04      2.43e-03    1.99e-03      1.03e-03    8.06e-04    1.9e-05
 775000      1.83e-02    1.48e-02      2.46e-05    3.29e-05      2.44e-03    2.08e-03      1.02e-03    8.08e-04    1.9e-05
 780000      1.78e-02    1.45e-02      4.68e-05    8.46e-05      2.42e-03    1.73e-03      1.02e-03    8.87e-04    1.8e-05
 785000      1.80e-02    1.42e-02      4.85e-05    3.40e-05      2.43e-03    2.07e-03      1.04e-03    7.89e-04    1.8e-05
 790000      1.81e-02    1.46e-02      8.63e-05    1.14e-04      2.43e-03    2.06e-03      1.08e-03    8.58e-04    1.7e-05
 795000      1.74e-02    1.39e-02      7.14e-05    7.36e-05      2.42e-03    2.16e-03      1.02e-03    7.61e-04    1.7e-05
 800000      1.70e-02    1.61e-02      1.02e-04    6.53e-05      2.42e-03    1.99e-03      1.02e-03    1.04e-03    1.7e-05
 805000      1.70e-02    1.37e-02      7.16e-05    8.56e-05      2.43e-03    2.06e-03      1.02e-03    8.04e-04    1.7e-05
 810000      1.68e-02    1.17e-02      2.06e-05    6.82e-05      2.43e-03    1.90e-03      1.04e-03    6.73e-04    1.6e-05
 815000      1.66e-02    1.11e-02      5.27e-05    1.10e-04      2.43e-03    1.88e-03      1.03e-03    6.20e-04    1.6e-05
 820000      1.63e-02    1.48e-02      1.27e-04    1.17e-04      2.42e-03    2.18e-03      1.03e-03    9.52e-04    1.5e-05
 825000      1.62e-02    1.29e-02      6.13e-05    7.58e-05      2.42e-03    2.04e-03      1.03e-03    7.92e-04    1.5e-05
 830000      1.58e-02    1.50e-02      3.26e-05    2.02e-05      2.42e-03    2.21e-03      1.02e-03    1.00e-03    1.4e-05
 835000      1.58e-02    1.45e-02      3.78e-05    7.46e-05      2.42e-03    1.98e-03      1.02e-03    9.94e-04    1.4e-05
 840000      1.56e-02    1.29e-02      1.72e-05    3.66e-05      2.42e-03    1.72e-03      1.04e-03    9.26e-04    1.3e-05
 845000      1.54e-02    1.42e-02      3.08e-05    9.19e-06      2.42e-03    1.97e-03      1.02e-03    1.00e-03    1.3e-05
 850000      1.50e-02    1.14e-02      1.73e-05    2.39e-05      2.42e-03    1.83e-03      1.02e-03    7.80e-04    1.3e-05
 855000      1.53e-02    1.38e-02      3.76e-05    2.62e-05      2.43e-03    2.25e-03      1.05e-03    9.33e-04    1.3e-05
 860000      1.47e-02    1.16e-02      3.04e-05    2.01e-05      2.42e-03    1.97e-03      1.02e-03    8.00e-04    1.2e-05
 865000      1.49e-02    1.33e-02      2.42e-05    6.70e-06      2.42e-03    2.19e-03      1.05e-03    9.29e-04    1.2e-05
 870000      1.44e-02    1.26e-02      1.33e-04    9.57e-05      2.43e-03    1.96e-03      1.02e-03    9.35e-04    1.2e-05
 875000      1.44e-02    1.18e-02      8.17e-05    6.83e-05      2.43e-03    2.03e-03      1.03e-03    8.38e-04    1.2e-05
 880000      1.41e-02    1.15e-02      2.84e-05    3.74e-05      2.43e-03    2.03e-03      1.03e-03    8.37e-04    1.1e-05
 885000      1.42e-02    1.19e-02      3.98e-05    3.57e-05      2.42e-03    2.15e-03      1.04e-03    8.55e-04    1.1e-05
 890000      1.38e-02    1.13e-02      2.45e-05    2.11e-05      2.43e-03    2.13e-03      1.03e-03    8.19e-04    1.0e-05
 895000      1.37e-02    1.09e-02      4.71e-05    3.34e-05      2.42e-03    2.03e-03      1.02e-03    7.93e-04    1.0e-05
 900000      1.33e-02    1.02e-02      1.83e-05    2.00e-05      2.42e-03    1.82e-03      1.02e-03    7.86e-04    9.9e-06
 905000      1.36e-02    1.15e-02      1.75e-05    4.20e-06      2.43e-03    2.13e-03      1.04e-03    8.74e-04    9.9e-06
 910000      1.31e-02    1.07e-02      3.18e-05    2.15e-06      2.43e-03    2.05e-03      1.02e-03    8.24e-04    9.4e-06
 915000      1.31e-02    1.06e-02      2.32e-05    4.31e-05      2.42e-03    2.03e-03      1.02e-03    8.25e-04    9.4e-06
 920000      1.28e-02    1.10e-02      3.06e-05    9.84e-06      2.43e-03    1.94e-03      1.02e-03    9.15e-04    8.9e-06
 925000      1.28e-02    9.77e-03      6.02e-05    3.58e-05      2.42e-03    1.82e-03      1.02e-03    7.95e-04    8.9e-06
 930000      1.25e-02    8.02e-03      7.86e-05    2.05e-05      2.42e-03    1.86e-03      1.02e-03    5.77e-04    8.5e-06
 935000      1.25e-02    9.15e-03      9.60e-05    1.04e-04      2.42e-03    1.97e-03      1.02e-03    7.00e-04    8.5e-06
 940000      1.22e-02    9.16e-03      3.93e-05    4.73e-05      2.43e-03    2.01e-03      1.01e-03    7.24e-04    8.1e-06
 945000      1.23e-02    9.49e-03      2.75e-05    2.49e-06      2.42e-03    1.82e-03      1.03e-03    8.16e-04    8.1e-06
 950000      1.19e-02    9.77e-03      1.34e-04    1.06e-04      2.42e-03    2.02e-03      1.01e-03    8.31e-04    7.7e-06
 955000      1.20e-02    9.20e-03      9.46e-05    6.99e-05      2.42e-03    1.81e-03      1.02e-03    8.05e-04    7.7e-06
 960000      1.16e-02    8.58e-03      7.63e-05    6.81e-05      2.42e-03    1.98e-03      1.02e-03    7.04e-04    7.3e-06
 965000      1.16e-02    8.79e-03      7.64e-05    8.48e-05      2.42e-03    1.98e-03      1.01e-03    7.33e-04    7.3e-06
 970000      1.14e-02    9.93e-03      4.11e-05    7.82e-05      2.42e-03    1.95e-03      1.02e-03    9.30e-04    6.9e-06
 975000      1.13e-02    8.51e-03      2.08e-05    1.94e-05      2.43e-03    1.99e-03      1.01e-03    7.22e-04    6.9e-06
 980000      1.11e-02    8.92e-03      6.05e-05    7.39e-05      2.42e-03    2.02e-03      1.02e-03    8.03e-04    6.6e-06
 985000      1.11e-02    8.57e-03      3.33e-05    6.14e-06      2.42e-03    1.82e-03      1.02e-03    8.01e-04    6.6e-06
 990000      1.09e-02    8.83e-03      2.88e-05    1.40e-05      2.42e-03    1.72e-03      1.01e-03    8.84e-04    6.2e-06
 995000      1.09e-02    8.35e-03      4.17e-05    3.36e-05      2.42e-03    1.98e-03      1.01e-03    7.57e-04    6.2e-06
1000000      1.07e-02    8.39e-03      3.08e-05    1.99e-05      2.43e-03    2.00e-03      1.02e-03    7.86e-04    5.9e-06
